
  __    _   ___  
 / /\  | | | |_) 
/_/--\ |_| |_| \_ v1.62.0, built with Go go1.24.6

mkdir /home/thaily/code/heheheh_be/tmp-server
!exclude air
!exclude docker
!exclude env
!exclude logs
!exclude proto
!exclude sql
!exclude src/api
!exclude src/auth
watching src/config
watching src/graph
watching src/graph/controller
watching src/graph/generated
watching src/graph/helper
watching src/graph/model
watching src/graph/resolver
watching src/graph/schema
watching src/pkg
watching src/pkg/config
watching src/pkg/container
watching src/pkg/database
watching src/pkg/helper
watching src/pkg/logger
watching src/pkg/response
watching src/router
watching src/server
watching src/server/client
!exclude src/service
!exclude tmp
!exclude tmp-server
building...
running...
2025/10/09 23:49:26 Connected to Redis at localhost:10002 (DB: 0)
2025/10/09 23:49:26 Connected to MongoDB at mongodb://thaily:Th%40i2004@localhost:10000/thesis_db?authSource=admin (Database: thesis_db)
2025/10/09 23:49:26 Server starting on http://localhost:8080
2025/10/09 23:49:26 GraphQL Playground: http://localhost:8080/
2025/10/09 23:49:26 GraphQL Endpoint: http://localhost:8080/query
2025/10/09 23:49:26 REST API: http://localhost:8080/api/v1
[GIN] 2025/10/09 - 23:49:37 |[97;42m 200 [0m|     256.741µs |             ::1 |[97;46m POST    [0m "/api/v1/auth/google/login"
[GIN] 2025/10/09 - 23:50:59 |[90;43m 404 [0m|       2.516µs |       127.0.0.1 |[97;44m GET     [0m "/api/v1/auth/google/callback?state=0zj2B5tFgp6EQ_U_UsnYcQ%3D%3D&code=4%2F0AVGzR1B1D_q9YX4Q5mlAnobeZrlF5c4MIFPQT_w8YkcSWrEU1wTMYYIdbhP_Mga-_qRJ3Q&scope=email+profile+https%3A%2F%2Fwww.googleapis.com%2Fauth%2Fuserinfo.email+openid+https%3A%2F%2Fwww.googleapis.com%2Fauth%2Fuserinfo.profile&authuser=0&prompt=none"
[GIN] 2025/10/09 - 23:53:20 |[97;41m 500 [0m|  329.605575ms |             ::1 |[97;46m POST    [0m "/api/v1/auth/google/callback"
[GIN] 2025/10/09 - 23:53:53 |[97;42m 200 [0m|  423.368598ms |             ::1 |[97;46m POST    [0m "/api/v1/auth/google/callback"
[GIN] 2025/10/09 - 23:54:44 |[90;43m 400 [0m|      99.333µs |             ::1 |[97;46m POST    [0m "/api/v1/auth/google/callback"
[GIN] 2025/10/09 - 23:55:04 |[97;42m 200 [0m|    2.734978ms |             ::1 |[97;46m POST    [0m "/api/v1/auth/refresh"
cleaning...
deleting /home/thaily/code/heheheh_be/tmp-server
see you again~
